<?xml version="1.0" encoding="UTF-8"?>
<!-- Generated by org.testng.reporters.JUnitXMLReporter -->
<testsuite ignored="0" hostname="DESKTOP-79JL1OG" failures="0" tests="16" name="Test" time="108.971" errors="0" timestamp="2021-05-04T12:04:56 IST">
  <testcase classname="testcases.homepage6test" name="checkElementText" time="0.086"/>
  <testcase classname="testcases.homepage3test" name="defaultTexttest" time="0.046"/>
  <testcase classname="testcases.homepage3test" name="Changeopttest" time="0.306"/>
  <testcase classname="testcases.homepagetest" name="homepagetitletest" time="0.01"/>
  <testcase classname="testcases.homepagetest" name="hplogintest" time="0.402"/>
  <testcase classname="testcases.homepagetest" name="hppasswordtest" time="0.037"/>
  <testcase classname="testcases.homepagetest" name="hpsigninbtntest" time="0.044"/>
  <testcase classname="testcases.homepagetest" name="hpusrnametest" time="0.034"/>
  <testcase classname="testcases.homepage2test" name="elementsSizetest" time="0.066"/>
  <testcase classname="testcases.homepage2test" name="secElementBadgetexttest" time="0.051"/>
  <testcase classname="testcases.homepage2test" name="secElementtexttest" time="0.096"/>
  <testcase classname="testcases.homepage5test" name="clickbtn1test" time="4.531"/>
  <testcase classname="testcases.homepage5test" name="isbtndistest" time="8.187"/>
  <testcase classname="testcases.homepage5test" name="isdisplayedtexttest" time="7.224"/>
  <testcase classname="testcases.homepage4test" name="isEnabletest" time="0.029"/>
  <testcase classname="testcases.homepage4test" name="isDisabletest" time="0.053"/>
</testsuite> <!-- Test -->
