<?xml version="1.0" encoding="UTF-8"?>
<!-- Generated by org.testng.reporters.JUnitXMLReporter -->
<testsuite ignored="0" hostname="DESKTOP-79JL1OG" failures="0" tests="5" name="Default test" time="26.899" errors="0" timestamp="2021-05-10T15:23:53 IST">
  <testcase classname="testcases.HomePageTest" name="homepagetitletest" time="0.06"/>
  <testcase classname="testcases.HomePageTest" name="hplogintest" time="0.459"/>
  <testcase classname="testcases.HomePageTest" name="hppasswordtest" time="0.037"/>
  <testcase classname="testcases.HomePageTest" name="hpsigninbtntest" time="0.032"/>
  <testcase classname="testcases.HomePageTest" name="hpusrnametest" time="0.028"/>
</testsuite> <!-- Default test -->
