<?xml version="1.0" encoding="UTF-8"?>
<testng-results ignored="0" total="16" passed="16" failed="0" skipped="0">
  <reporter-output>
  </reporter-output>
  <suite started-at="2021-05-10T15:28:02 IST" name="Suite" finished-at="2021-05-10T15:29:13 IST" duration-ms="70881">
    <groups>
    </groups>
    <test started-at="2021-05-10T15:28:02 IST" name="Test" finished-at="2021-05-10T15:29:13 IST" duration-ms="70881">
      <class name="testcases.HomePage3Test">
        <test-method is-config="true" signature="setUp()[pri:0, instance:testcases.HomePage3Test@3cd3e762]" started-at="2021-05-10T15:28:08 IST" name="setUp" finished-at="2021-05-10T15:28:10 IST" duration-ms="2076" status="PASS">
          <reporter-output>
          </reporter-output>
        </test-method> <!-- setUp -->
        <test-method signature="defaultTexttest()[pri:1, instance:testcases.HomePage3Test@3cd3e762]" started-at="2021-05-10T15:28:10 IST" name="defaultTexttest" finished-at="2021-05-10T15:28:10 IST" duration-ms="45" status="PASS">
          <reporter-output>
          </reporter-output>
        </test-method> <!-- defaultTexttest -->
        <test-method is-config="true" signature="closebrowser()[pri:0, instance:testcases.HomePage3Test@3cd3e762]" started-at="2021-05-10T15:28:10 IST" name="closebrowser" finished-at="2021-05-10T15:28:10 IST" duration-ms="175" status="PASS">
          <reporter-output>
          </reporter-output>
        </test-method> <!-- closebrowser -->
        <test-method is-config="true" signature="setUp()[pri:0, instance:testcases.HomePage3Test@3cd3e762]" started-at="2021-05-10T15:28:10 IST" name="setUp" finished-at="2021-05-10T15:28:13 IST" duration-ms="3143" status="PASS">
          <reporter-output>
          </reporter-output>
        </test-method> <!-- setUp -->
        <test-method signature="Changeopttest()[pri:2, instance:testcases.HomePage3Test@3cd3e762]" started-at="2021-05-10T15:28:13 IST" name="Changeopttest" finished-at="2021-05-10T15:28:13 IST" duration-ms="178" status="PASS">
          <reporter-output>
          </reporter-output>
        </test-method> <!-- Changeopttest -->
        <test-method is-config="true" signature="closebrowser()[pri:0, instance:testcases.HomePage3Test@3cd3e762]" started-at="2021-05-10T15:28:13 IST" name="closebrowser" finished-at="2021-05-10T15:28:14 IST" duration-ms="157" status="PASS">
          <reporter-output>
          </reporter-output>
        </test-method> <!-- closebrowser -->
      </class> <!-- testcases.HomePage3Test -->
      <class name="testcases.HomePage2Test">
        <test-method is-config="true" signature="setUp()[pri:0, instance:testcases.HomePage2Test@7eac9008]" started-at="2021-05-10T15:28:29 IST" name="setUp" finished-at="2021-05-10T15:28:31 IST" duration-ms="2603" status="PASS">
          <reporter-output>
          </reporter-output>
        </test-method> <!-- setUp -->
        <test-method signature="elementsSizetest()[pri:0, instance:testcases.HomePage2Test@7eac9008]" started-at="2021-05-10T15:28:31 IST" name="elementsSizetest" finished-at="2021-05-10T15:28:32 IST" duration-ms="59" status="PASS">
          <reporter-output>
          </reporter-output>
        </test-method> <!-- elementsSizetest -->
        <test-method is-config="true" signature="closebrowser()[pri:0, instance:testcases.HomePage2Test@7eac9008]" started-at="2021-05-10T15:28:32 IST" name="closebrowser" finished-at="2021-05-10T15:28:32 IST" duration-ms="110" status="PASS">
          <reporter-output>
          </reporter-output>
        </test-method> <!-- closebrowser -->
        <test-method is-config="true" signature="setUp()[pri:0, instance:testcases.HomePage2Test@7eac9008]" started-at="2021-05-10T15:28:32 IST" name="setUp" finished-at="2021-05-10T15:28:34 IST" duration-ms="2132" status="PASS">
          <reporter-output>
          </reporter-output>
        </test-method> <!-- setUp -->
        <test-method signature="secElementBadgetexttest()[pri:0, instance:testcases.HomePage2Test@7eac9008]" started-at="2021-05-10T15:28:34 IST" name="secElementBadgetexttest" finished-at="2021-05-10T15:28:34 IST" duration-ms="29" status="PASS">
          <reporter-output>
          </reporter-output>
        </test-method> <!-- secElementBadgetexttest -->
        <test-method is-config="true" signature="closebrowser()[pri:0, instance:testcases.HomePage2Test@7eac9008]" started-at="2021-05-10T15:28:34 IST" name="closebrowser" finished-at="2021-05-10T15:28:34 IST" duration-ms="122" status="PASS">
          <reporter-output>
          </reporter-output>
        </test-method> <!-- closebrowser -->
        <test-method is-config="true" signature="setUp()[pri:0, instance:testcases.HomePage2Test@7eac9008]" started-at="2021-05-10T15:28:34 IST" name="setUp" finished-at="2021-05-10T15:28:36 IST" duration-ms="2387" status="PASS">
          <reporter-output>
          </reporter-output>
        </test-method> <!-- setUp -->
        <test-method signature="secElementtexttest()[pri:0, instance:testcases.HomePage2Test@7eac9008]" started-at="2021-05-10T15:28:36 IST" name="secElementtexttest" finished-at="2021-05-10T15:28:36 IST" duration-ms="54" status="PASS">
          <reporter-output>
          </reporter-output>
        </test-method> <!-- secElementtexttest -->
        <test-method is-config="true" signature="closebrowser()[pri:0, instance:testcases.HomePage2Test@7eac9008]" started-at="2021-05-10T15:28:36 IST" name="closebrowser" finished-at="2021-05-10T15:28:36 IST" duration-ms="98" status="PASS">
          <reporter-output>
          </reporter-output>
        </test-method> <!-- closebrowser -->
      </class> <!-- testcases.HomePage2Test -->
      <class name="testcases.HomePageTest">
        <test-method is-config="true" signature="setUp()[pri:0, instance:testcases.HomePageTest@1fa121e2]" started-at="2021-05-10T15:28:14 IST" name="setUp" finished-at="2021-05-10T15:28:17 IST" duration-ms="3076" status="PASS">
          <reporter-output>
          </reporter-output>
        </test-method> <!-- setUp -->
        <test-method signature="homepagetitletest()[pri:0, instance:testcases.HomePageTest@1fa121e2]" started-at="2021-05-10T15:28:17 IST" name="homepagetitletest" finished-at="2021-05-10T15:28:17 IST" duration-ms="11" status="PASS">
          <reporter-output>
          </reporter-output>
        </test-method> <!-- homepagetitletest -->
        <test-method is-config="true" signature="closebrowser()[pri:0, instance:testcases.HomePageTest@1fa121e2]" started-at="2021-05-10T15:28:17 IST" name="closebrowser" finished-at="2021-05-10T15:28:17 IST" duration-ms="231" status="PASS">
          <reporter-output>
          </reporter-output>
        </test-method> <!-- closebrowser -->
        <test-method is-config="true" signature="setUp()[pri:0, instance:testcases.HomePageTest@1fa121e2]" started-at="2021-05-10T15:28:17 IST" name="setUp" finished-at="2021-05-10T15:28:20 IST" duration-ms="3156" status="PASS">
          <reporter-output>
          </reporter-output>
        </test-method> <!-- setUp -->
        <test-method signature="hplogintest()[pri:0, instance:testcases.HomePageTest@1fa121e2]" started-at="2021-05-10T15:28:20 IST" name="hplogintest" finished-at="2021-05-10T15:28:20 IST" duration-ms="238" status="PASS">
          <reporter-output>
          </reporter-output>
        </test-method> <!-- hplogintest -->
        <test-method is-config="true" signature="closebrowser()[pri:0, instance:testcases.HomePageTest@1fa121e2]" started-at="2021-05-10T15:28:20 IST" name="closebrowser" finished-at="2021-05-10T15:28:20 IST" duration-ms="182" status="PASS">
          <reporter-output>
          </reporter-output>
        </test-method> <!-- closebrowser -->
        <test-method is-config="true" signature="setUp()[pri:0, instance:testcases.HomePageTest@1fa121e2]" started-at="2021-05-10T15:28:20 IST" name="setUp" finished-at="2021-05-10T15:28:23 IST" duration-ms="2448" status="PASS">
          <reporter-output>
          </reporter-output>
        </test-method> <!-- setUp -->
        <test-method signature="hppasswordtest()[pri:0, instance:testcases.HomePageTest@1fa121e2]" started-at="2021-05-10T15:28:23 IST" name="hppasswordtest" finished-at="2021-05-10T15:28:23 IST" duration-ms="24" status="PASS">
          <reporter-output>
          </reporter-output>
        </test-method> <!-- hppasswordtest -->
        <test-method is-config="true" signature="closebrowser()[pri:0, instance:testcases.HomePageTest@1fa121e2]" started-at="2021-05-10T15:28:23 IST" name="closebrowser" finished-at="2021-05-10T15:28:23 IST" duration-ms="85" status="PASS">
          <reporter-output>
          </reporter-output>
        </test-method> <!-- closebrowser -->
        <test-method is-config="true" signature="setUp()[pri:0, instance:testcases.HomePageTest@1fa121e2]" started-at="2021-05-10T15:28:23 IST" name="setUp" finished-at="2021-05-10T15:28:25 IST" duration-ms="2360" status="PASS">
          <reporter-output>
          </reporter-output>
        </test-method> <!-- setUp -->
        <test-method signature="hpsigninbtntest()[pri:0, instance:testcases.HomePageTest@1fa121e2]" started-at="2021-05-10T15:28:25 IST" name="hpsigninbtntest" finished-at="2021-05-10T15:28:25 IST" duration-ms="27" status="PASS">
          <reporter-output>
          </reporter-output>
        </test-method> <!-- hpsigninbtntest -->
        <test-method is-config="true" signature="closebrowser()[pri:0, instance:testcases.HomePageTest@1fa121e2]" started-at="2021-05-10T15:28:25 IST" name="closebrowser" finished-at="2021-05-10T15:28:25 IST" duration-ms="93" status="PASS">
          <reporter-output>
          </reporter-output>
        </test-method> <!-- closebrowser -->
        <test-method is-config="true" signature="setUp()[pri:0, instance:testcases.HomePageTest@1fa121e2]" started-at="2021-05-10T15:28:25 IST" name="setUp" finished-at="2021-05-10T15:28:29 IST" duration-ms="3305" status="PASS">
          <reporter-output>
          </reporter-output>
        </test-method> <!-- setUp -->
        <test-method signature="hpusrnametest()[pri:0, instance:testcases.HomePageTest@1fa121e2]" started-at="2021-05-10T15:28:29 IST" name="hpusrnametest" finished-at="2021-05-10T15:28:29 IST" duration-ms="24" status="PASS">
          <reporter-output>
          </reporter-output>
        </test-method> <!-- hpusrnametest -->
        <test-method is-config="true" signature="closebrowser()[pri:0, instance:testcases.HomePageTest@1fa121e2]" started-at="2021-05-10T15:28:29 IST" name="closebrowser" finished-at="2021-05-10T15:28:29 IST" duration-ms="88" status="PASS">
          <reporter-output>
          </reporter-output>
        </test-method> <!-- closebrowser -->
      </class> <!-- testcases.HomePageTest -->
      <class name="testcases.HomePage5Test">
        <test-method is-config="true" signature="setUp()[pri:0, instance:testcases.HomePage5Test@4116aac9]" started-at="2021-05-10T15:28:36 IST" name="setUp" finished-at="2021-05-10T15:28:39 IST" duration-ms="2334" status="PASS">
          <reporter-output>
          </reporter-output>
        </test-method> <!-- setUp -->
        <test-method signature="clickbtn1test()[pri:1, instance:testcases.HomePage5Test@4116aac9]" started-at="2021-05-10T15:28:39 IST" name="clickbtn1test" finished-at="2021-05-10T15:28:47 IST" duration-ms="8195" status="PASS">
          <reporter-output>
          </reporter-output>
        </test-method> <!-- clickbtn1test -->
        <test-method is-config="true" signature="closebrowser()[pri:0, instance:testcases.HomePage5Test@4116aac9]" started-at="2021-05-10T15:28:47 IST" name="closebrowser" finished-at="2021-05-10T15:28:47 IST" duration-ms="126" status="PASS">
          <reporter-output>
          </reporter-output>
        </test-method> <!-- closebrowser -->
        <test-method is-config="true" signature="setUp()[pri:0, instance:testcases.HomePage5Test@4116aac9]" started-at="2021-05-10T15:28:47 IST" name="setUp" finished-at="2021-05-10T15:28:49 IST" duration-ms="2339" status="PASS">
          <reporter-output>
          </reporter-output>
        </test-method> <!-- setUp -->
        <test-method signature="isbtndistest()[pri:2, instance:testcases.HomePage5Test@4116aac9]" started-at="2021-05-10T15:28:49 IST" name="isbtndistest" finished-at="2021-05-10T15:28:59 IST" duration-ms="9450" status="PASS">
          <reporter-output>
          </reporter-output>
        </test-method> <!-- isbtndistest -->
        <test-method is-config="true" signature="closebrowser()[pri:0, instance:testcases.HomePage5Test@4116aac9]" started-at="2021-05-10T15:28:59 IST" name="closebrowser" finished-at="2021-05-10T15:28:59 IST" duration-ms="86" status="PASS">
          <reporter-output>
          </reporter-output>
        </test-method> <!-- closebrowser -->
        <test-method is-config="true" signature="setUp()[pri:0, instance:testcases.HomePage5Test@4116aac9]" started-at="2021-05-10T15:28:59 IST" name="setUp" finished-at="2021-05-10T15:29:01 IST" duration-ms="2258" status="PASS">
          <reporter-output>
          </reporter-output>
        </test-method> <!-- setUp -->
        <test-method signature="isdisplayedtexttest()[pri:3, instance:testcases.HomePage5Test@4116aac9]" started-at="2021-05-10T15:29:01 IST" name="isdisplayedtexttest" finished-at="2021-05-10T15:29:08 IST" duration-ms="6534" status="PASS">
          <reporter-output>
          </reporter-output>
        </test-method> <!-- isdisplayedtexttest -->
        <test-method is-config="true" signature="closebrowser()[pri:0, instance:testcases.HomePage5Test@4116aac9]" started-at="2021-05-10T15:29:08 IST" name="closebrowser" finished-at="2021-05-10T15:29:08 IST" duration-ms="105" status="PASS">
          <reporter-output>
          </reporter-output>
        </test-method> <!-- closebrowser -->
      </class> <!-- testcases.HomePage5Test -->
      <class name="testcases.HomePage4Test">
        <test-method is-config="true" signature="setUp()[pri:0, instance:testcases.HomePage4Test@62ddbd7e]" started-at="2021-05-10T15:29:08 IST" name="setUp" finished-at="2021-05-10T15:29:10 IST" duration-ms="2393" status="PASS">
          <reporter-output>
          </reporter-output>
        </test-method> <!-- setUp -->
        <test-method signature="isEnabletest()[pri:1, instance:testcases.HomePage4Test@62ddbd7e]" started-at="2021-05-10T15:29:10 IST" name="isEnabletest" finished-at="2021-05-10T15:29:10 IST" duration-ms="25" status="PASS">
          <reporter-output>
          </reporter-output>
        </test-method> <!-- isEnabletest -->
        <test-method is-config="true" signature="closebrowser()[pri:0, instance:testcases.HomePage4Test@62ddbd7e]" started-at="2021-05-10T15:29:10 IST" name="closebrowser" finished-at="2021-05-10T15:29:10 IST" duration-ms="100" status="PASS">
          <reporter-output>
          </reporter-output>
        </test-method> <!-- closebrowser -->
        <test-method is-config="true" signature="setUp()[pri:0, instance:testcases.HomePage4Test@62ddbd7e]" started-at="2021-05-10T15:29:10 IST" name="setUp" finished-at="2021-05-10T15:29:12 IST" duration-ms="2024" status="PASS">
          <reporter-output>
          </reporter-output>
        </test-method> <!-- setUp -->
        <test-method signature="isDisabletest()[pri:2, instance:testcases.HomePage4Test@62ddbd7e]" started-at="2021-05-10T15:29:12 IST" name="isDisabletest" finished-at="2021-05-10T15:29:12 IST" duration-ms="24" status="PASS">
          <reporter-output>
          </reporter-output>
        </test-method> <!-- isDisabletest -->
        <test-method is-config="true" signature="closebrowser()[pri:0, instance:testcases.HomePage4Test@62ddbd7e]" started-at="2021-05-10T15:29:12 IST" name="closebrowser" finished-at="2021-05-10T15:29:13 IST" duration-ms="101" status="PASS">
          <reporter-output>
          </reporter-output>
        </test-method> <!-- closebrowser -->
      </class> <!-- testcases.HomePage4Test -->
      <class name="testcases.HomePage6Test">
        <test-method is-config="true" signature="setUp()[pri:0, instance:testcases.HomePage6Test@3b0090a4]" started-at="2021-05-10T15:28:02 IST" name="setUp" finished-at="2021-05-10T15:28:08 IST" duration-ms="5744" status="PASS">
          <reporter-output>
          </reporter-output>
        </test-method> <!-- setUp -->
        <test-method signature="checkElementText()[pri:1, instance:testcases.HomePage6Test@3b0090a4]" started-at="2021-05-10T15:28:08 IST" name="checkElementText" finished-at="2021-05-10T15:28:08 IST" duration-ms="61" status="PASS">
          <reporter-output>
          </reporter-output>
        </test-method> <!-- checkElementText -->
        <test-method is-config="true" signature="closebrowser()[pri:0, instance:testcases.HomePage6Test@3b0090a4]" started-at="2021-05-10T15:28:08 IST" name="closebrowser" finished-at="2021-05-10T15:28:08 IST" duration-ms="175" status="PASS">
          <reporter-output>
          </reporter-output>
        </test-method> <!-- closebrowser -->
      </class> <!-- testcases.HomePage6Test -->
    </test> <!-- Test -->
  </suite> <!-- Suite -->
</testng-results>
