<?xml version="1.0" encoding="UTF-8"?>
<!-- Generated by org.testng.reporters.JUnitXMLReporter -->
<testsuite ignored="0" hostname="DESKTOP-79JL1OG" failures="0" tests="16" name="Test" time="70.881" errors="0" timestamp="2021-05-10T15:29:13 IST">
  <testcase classname="testcases.HomePage6Test" name="checkElementText" time="0.061"/>
  <testcase classname="testcases.HomePage3Test" name="defaultTexttest" time="0.045"/>
  <testcase classname="testcases.HomePage3Test" name="Changeopttest" time="0.178"/>
  <testcase classname="testcases.HomePageTest" name="homepagetitletest" time="0.011"/>
  <testcase classname="testcases.HomePageTest" name="hplogintest" time="0.238"/>
  <testcase classname="testcases.HomePageTest" name="hppasswordtest" time="0.024"/>
  <testcase classname="testcases.HomePageTest" name="hpsigninbtntest" time="0.027"/>
  <testcase classname="testcases.HomePageTest" name="hpusrnametest" time="0.024"/>
  <testcase classname="testcases.HomePage2Test" name="elementsSizetest" time="0.059"/>
  <testcase classname="testcases.HomePage2Test" name="secElementBadgetexttest" time="0.029"/>
  <testcase classname="testcases.HomePage2Test" name="secElementtexttest" time="0.054"/>
  <testcase classname="testcases.HomePage5Test" name="clickbtn1test" time="8.195"/>
  <testcase classname="testcases.HomePage5Test" name="isbtndistest" time="9.45"/>
  <testcase classname="testcases.HomePage5Test" name="isdisplayedtexttest" time="6.534"/>
  <testcase classname="testcases.HomePage4Test" name="isEnabletest" time="0.025"/>
  <testcase classname="testcases.HomePage4Test" name="isDisabletest" time="0.024"/>
</testsuite> <!-- Test -->
